# JRE version: OpenJDK Runtime Environment (8.0_152-b01) (build 1.8.0_152-release-915-b01)
# Java VM: OpenJDK 64-Bit Server VM (25.152-b01 mixed mode windows-amd64 compressed oops)
Heap:
 PSYoungGen      total 118784K, used 22005K [0x00000000e0000000, 0x00000000e8180000, 0x0000000100000000)
  eden space 107008K, 20% used [0x00000000e0000000,0x00000000e157d4b8,0x00000000e6880000)
  from space 11776K, 0% used [0x00000000e7600000,0x00000000e7600000,0x00000000e8180000)
  to   space 12800K, 0% used [0x00000000e6880000,0x00000000e6880000,0x00000000e7500000)
 ParOldGen       total 93184K, used 15826K [0x00000000a0000000, 0x00000000a5b00000, 0x00000000e0000000)
  object space 93184K, 16% used [0x00000000a0000000,0x00000000a0f74ba0,0x00000000a5b00000)
 Metaspace       used 37040K, capacity 37801K, committed 38104K, reserved 1083392K
  class space    used 5001K, capacity 5269K, committed 5376K, reserved 1048576K
GC Heap History (10 events):
Event: 2.931 GC heap before
{Heap before GC invocations=4 (full 1):
 PSYoungGen      total 76288K, used 6820K [0x00000000e0000000, 0x00000000e5500000, 0x0000000100000000)
  eden space 65536K, 0% used [0x00000000e0000000,0x00000000e0000000,0x00000000e4000000)
  from space 10752K, 63% used [0x00000000e4000000,0x00000000e46a9240,0x00000000e4a80000)
  to   space 10752K, 0% used [0x00000000e4a80000,0x00000000e4a80000,0x00000000e5500000)
 ParOldGen       total 175104K, used 1671K [0x00000000a0000000, 0x00000000aab00000, 0x00000000e0000000)
  object space 175104K, 0% used [0x00000000a0000000,0x00000000a01a1e48,0x00000000aab00000)
 Metaspace       used 20686K, capacity 21130K, committed 21248K, reserved 1067008K
  class space    used 2866K, capacity 3038K, committed 3072K, reserved 1048576K
Event: 2.959 GC heap after
Heap after GC invocations=4 (full 1):
 PSYoungGen      total 76288K, used 0K [0x00000000e0000000, 0x00000000e5500000, 0x0000000100000000)
  eden space 65536K, 0% used [0x00000000e0000000,0x00000000e0000000,0x00000000e4000000)
  from space 10752K, 0% used [0x00000000e4000000,0x00000000e4000000,0x00000000e4a80000)
  to   space 10752K, 0% used [0x00000000e4a80000,0x00000000e4a80000,0x00000000e5500000)
 ParOldGen       total 93184K, used 6638K [0x00000000a0000000, 0x00000000a5b00000, 0x00000000e0000000)
  object space 93184K, 7% used [0x00000000a0000000,0x00000000a067bbd0,0x00000000a5b00000)
 Metaspace       used 20686K, capacity 21130K, committed 21248K, reserved 1067008K
  class space    used 2866K, capacity 3038K, committed 3072K, reserved 1048576K
}
Event: 3.853 GC heap before
{Heap before GC invocations=5 (full 1):
 PSYoungGen      total 76288K, used 65536K [0x00000000e0000000, 0x00000000e5500000, 0x0000000100000000)
  eden space 65536K, 100% used [0x00000000e0000000,0x00000000e4000000,0x00000000e4000000)
  from space 10752K, 0% used [0x00000000e4000000,0x00000000e4000000,0x00000000e4a80000)
  to   space 10752K, 0% used [0x00000000e4a80000,0x00000000e4a80000,0x00000000e5500000)
 ParOldGen       total 93184K, used 6638K [0x00000000a0000000, 0x00000000a5b00000, 0x00000000e0000000)
  object space 93184K, 7% used [0x00000000a0000000,0x00000000a067bbd0,0x00000000a5b00000)
 Metaspace       used 25735K, capacity 26306K, committed 26624K, reserved 1073152K
  class space    used 3529K, capacity 3730K, committed 3840K, reserved 1048576K
Event: 3.860 GC heap after
Heap after GC invocations=5 (full 1):
 PSYoungGen      total 76288K, used 7131K [0x00000000e0000000, 0x00000000e8080000, 0x0000000100000000)
  eden space 65536K, 0% used [0x00000000e0000000,0x00000000e0000000,0x00000000e4000000)
  from space 10752K, 66% used [0x00000000e4a80000,0x00000000e5176eb0,0x00000000e5500000)
  to   space 10752K, 0% used [0x00000000e4000000,0x00000000e4000000,0x00000000e4a80000)
 ParOldGen       total 93184K, used 6646K [0x00000000a0000000, 0x00000000a5b00000, 0x00000000e0000000)
  object space 93184K, 7% used [0x00000000a0000000,0x00000000a067dbd0,0x00000000a5b00000)
 Metaspace       used 25735K, capacity 26306K, committed 26624K, reserved 1073152K
  class space    used 3529K, capacity 3730K, committed 3840K, reserved 1048576K
}
Event: 4.516 GC heap before
{Heap before GC invocations=6 (full 1):
 PSYoungGen      total 76288K, used 72667K [0x00000000e0000000, 0x00000000e8080000, 0x0000000100000000)
  eden space 65536K, 100% used [0x00000000e0000000,0x00000000e4000000,0x00000000e4000000)
  from space 10752K, 66% used [0x00000000e4a80000,0x00000000e5176eb0,0x00000000e5500000)
  to   space 10752K, 0% used [0x00000000e4000000,0x00000000e4000000,0x00000000e4a80000)
 ParOldGen       total 93184K, used 6646K [0x00000000a0000000, 0x00000000a5b00000, 0x00000000e0000000)
  object space 93184K, 7% used [0x00000000a0000000,0x00000000a067dbd0,0x00000000a5b00000)
 Metaspace       used 30101K, capacity 30796K, committed 30976K, reserved 1075200K
  class space    used 4108K, capacity 4351K, committed 4352K, reserved 1048576K
Event: 4.524 GC heap after
Heap after GC invocations=6 (full 1):
 PSYoungGen      total 76288K, used 8022K [0x00000000e0000000, 0x00000000e8200000, 0x0000000100000000)
  eden space 65536K, 0% used [0x00000000e0000000,0x00000000e0000000,0x00000000e4000000)
  from space 10752K, 74% used [0x00000000e4000000,0x00000000e47d5ac8,0x00000000e4a80000)
  to   space 12288K, 0% used [0x00000000e7600000,0x00000000e7600000,0x00000000e8200000)
 ParOldGen       total 93184K, used 6654K [0x00000000a0000000, 0x00000000a5b00000, 0x00000000e0000000)
  object space 93184K, 7% used [0x00000000a0000000,0x00000000a067fbd0,0x00000000a5b00000)
 Metaspace       used 30101K, capacity 30796K, committed 30976K, reserved 1075200K
  class space    used 4108K, capacity 4351K, committed 4352K, reserved 1048576K
}
Event: 5.304 GC heap before
{Heap before GC invocations=7 (full 1):
 PSYoungGen      total 76288K, used 63774K [0x00000000e0000000, 0x00000000e8200000, 0x0000000100000000)
  eden space 65536K, 85% used [0x00000000e0000000,0x00000000e36720e8,0x00000000e4000000)
  from space 10752K, 74% used [0x00000000e4000000,0x00000000e47d5ac8,0x00000000e4a80000)
  to   space 12288K, 0% used [0x00000000e7600000,0x00000000e7600000,0x00000000e8200000)
 ParOldGen       total 93184K, used 6654K [0x00000000a0000000, 0x00000000a5b00000, 0x00000000e0000000)
  object space 93184K, 7% used [0x00000000a0000000,0x00000000a067fbd0,0x00000000a5b00000)
 Metaspace       used 34387K, capacity 35253K, committed 35416K, reserved 1079296K
  class space    used 4676K, capacity 4992K, committed 4992K, reserved 1048576K
Event: 5.313 GC heap after
Heap after GC invocations=7 (full 1):
 PSYoungGen      total 118784K, used 9668K [0x00000000e0000000, 0x00000000e8180000, 0x0000000100000000)
  eden space 107008K, 0% used [0x00000000e0000000,0x00000000e0000000,0x00000000e6880000)
  from space 11776K, 82% used [0x00000000e7600000,0x00000000e7f71190,0x00000000e8180000)
  to   space 12800K, 0% used [0x00000000e6880000,0x00000000e6880000,0x00000000e7500000)
 ParOldGen       total 93184K, used 6726K [0x00000000a0000000, 0x00000000a5b00000, 0x00000000e0000000)
  object space 93184K, 7% used [0x00000000a0000000,0x00000000a0691be0,0x00000000a5b00000)
 Metaspace       used 34387K, capacity 35253K, committed 35416K, reserved 1079296K
  class space    used 4676K, capacity 4992K, committed 4992K, reserved 1048576K
}
Event: 5.313 GC heap before
{Heap before GC invocations=8 (full 2):
 PSYoungGen      total 118784K, used 9668K [0x00000000e0000000, 0x00000000e8180000, 0x0000000100000000)
  eden space 107008K, 0% used [0x00000000e0000000,0x00000000e0000000,0x00000000e6880000)
  from space 11776K, 82% used [0x00000000e7600000,0x00000000e7f71190,0x00000000e8180000)
  to   space 12800K, 0% used [0x00000000e6880000,0x00000000e6880000,0x00000000e7500000)
 ParOldGen       total 93184K, used 6726K [0x00000000a0000000, 0x00000000a5b00000, 0x00000000e0000000)
  object space 93184K, 7% used [0x00000000a0000000,0x00000000a0691be0,0x00000000a5b00000)
 Metaspace       used 34387K, capacity 35253K, committed 35416K, reserved 1079296K
  class space    used 4676K, capacity 4992K, committed 4992K, reserved 1048576K
Event: 5.358 GC heap after
Heap after GC invocations=8 (full 2):
 PSYoungGen      total 118784K, used 0K [0x00000000e0000000, 0x00000000e8180000, 0x0000000100000000)
  eden space 107008K, 0% used [0x00000000e0000000,0x00000000e0000000,0x00000000e6880000)
  from space 11776K, 0% used [0x00000000e7600000,0x00000000e7600000,0x00000000e8180000)
  to   space 12800K, 0% used [0x00000000e6880000,0x00000000e6880000,0x00000000e7500000)
 ParOldGen       total 93184K, used 15826K [0x00000000a0000000, 0x00000000a5b00000, 0x00000000e0000000)
  object space 93184K, 16% used [0x00000000a0000000,0x00000000a0f74ba0,0x00000000a5b00000)
 Metaspace       used 34387K, capacity 35253K, committed 35416K, reserved 1079296K
  class space    used 4676K, capacity 4992K, committed 4992K, reserved 1048576K
}

